*** Starting uWSGI 2.0.20 (64bit) on [Wed Aug  3 16:30:49 2022] ***
compiled with version: Apple LLVM 12.0.0 (clang-1200.0.32.29) on 28 April 2022 15:42:41
os: Darwin-21.4.0 Darwin Kernel Version 21.4.0: Fri Mar 18 00:45:05 PDT 2022; root:xnu-8020.101.4~15/RELEASE_X86_64
nodename: yushideMacBook-Pro.local
machine: x86_64
clock source: unix
pcre jit disabled
detected number of CPU cores: 8
current working directory: /usr/local/etc/supervisor.d
writing pidfile to /Users/huyushi/Desktop/order_service/uwsgi/uwsgi.pid
detected binary path: /Users/huyushi/.pyenv/versions/3.8.2/envs/api_doc/bin/uwsgi
chdir() to /Users/huyushi/Desktop/order_service
your processes number limit is 2784
your memory page size is 4096 bytes
detected max file descriptor number: 10240
lock engine: OSX spinlocks
thunder lock: enabled
uWSGI http bound on :8000 fd 4
uwsgi socket 0 bound to TCP address 127.0.0.1:56473 (port auto-assigned) fd 3
Python version: 3.8.2 (default, Feb 16 2022, 18:32:35)  [Clang 12.0.0 (clang-1200.0.32.28)]
PEP 405 virtualenv detected: /Users/huyushi/.pyenv/versions/api_doc
Set PythonHome to /Users/huyushi/.pyenv/versions/api_doc
Python main interpreter initialized at 0x7f904d2052f0
python threads support enabled
your server socket listen backlog is limited to 100 connections
your mercy for graceful operations on workers is 60 seconds
mapped 162176 bytes (158 KB) for 1 cores
*** Operational MODE: single process ***
*** uWSGI is running in multiple interpreter mode ***
spawned uWSGI master process (pid: 17969)
spawned uWSGI worker 1 (pid: 17985, cores: 1)
spawned uWSGI http 1 (pid: 17986)
22222222
WSGI app 0 (mountpoint='') ready in 1 seconds on interpreter 0x7f904d2052f0 pid: 17985 (default app)
*** Starting uWSGI 2.0.20 (64bit) on [Wed Aug  3 16:34:37 2022] ***
compiled with version: Apple LLVM 12.0.0 (clang-1200.0.32.29) on 28 April 2022 15:42:41
os: Darwin-21.4.0 Darwin Kernel Version 21.4.0: Fri Mar 18 00:45:05 PDT 2022; root:xnu-8020.101.4~15/RELEASE_X86_64
nodename: yushideMacBook-Pro.local
machine: x86_64
clock source: unix
pcre jit disabled
detected number of CPU cores: 8
current working directory: /usr/local/etc/supervisor.d
writing pidfile to /Users/huyushi/Desktop/order_service/uwsgi/uwsgi.pid
detected binary path: /Users/huyushi/.pyenv/versions/3.8.2/envs/api_doc/bin/uwsgi
chdir() to /Users/huyushi/Desktop/order_service
your processes number limit is 2784
your memory page size is 4096 bytes
detected max file descriptor number: 10240
lock engine: OSX spinlocks
thunder lock: enabled
uWSGI http bound on :8000 fd 4
uwsgi socket 0 bound to TCP address 127.0.0.1:56742 (port auto-assigned) fd 3
Python version: 3.8.2 (default, Feb 16 2022, 18:32:35)  [Clang 12.0.0 (clang-1200.0.32.28)]
PEP 405 virtualenv detected: /Users/huyushi/.pyenv/versions/api_doc
Set PythonHome to /Users/huyushi/.pyenv/versions/api_doc
Python main interpreter initialized at 0x7fa715a05cf0
python threads support enabled
your server socket listen backlog is limited to 100 connections
your mercy for graceful operations on workers is 60 seconds
mapped 162176 bytes (158 KB) for 1 cores
*** Operational MODE: single process ***
222222222
1111111
WSGI app 0 (mountpoint='') ready in 1 seconds on interpreter 0x7fa715a05cf0 pid: 18592 (default app)
*** uWSGI is running in multiple interpreter mode ***
spawned uWSGI master process (pid: 18592)
spawned uWSGI worker 1 (pid: 18617, cores: 1)
spawned uWSGI http 1 (pid: 18618)
开始处理请求啦 18617
[pid: 18617|app: 0|req: 1/1] 127.0.0.1 () {52 vars in 1081 bytes} [Wed Aug  3 08:38:29 2022] GET /login/ => generated 11 bytes in 27 msecs (HTTP/1.1 200) 6 headers in 206 bytes (1 switches on core 0)
开始处理请求啦 18617
[pid: 18617|app: 0|req: 2/2] 127.0.0.1 () {54 vars in 1112 bytes} [Wed Aug  3 08:38:32 2022] GET /login/ => generated 11 bytes in 1 msecs (HTTP/1.1 200) 6 headers in 206 bytes (2 switches on core 0)
*** Starting uWSGI 2.0.20 (64bit) on [Wed Aug  3 16:51:27 2022] ***
compiled with version: Apple LLVM 12.0.0 (clang-1200.0.32.29) on 28 April 2022 15:42:41
os: Darwin-21.4.0 Darwin Kernel Version 21.4.0: Fri Mar 18 00:45:05 PDT 2022; root:xnu-8020.101.4~15/RELEASE_X86_64
nodename: yushideMacBook-Pro.local
machine: x86_64
clock source: unix
pcre jit disabled
detected number of CPU cores: 8
current working directory: /usr/local/etc/supervisor.d
writing pidfile to /Users/huyushi/Desktop/order_service/uwsgi/uwsgi.pid
detected binary path: /Users/huyushi/.pyenv/versions/3.8.2/envs/api_doc/bin/uwsgi
chdir() to /Users/huyushi/Desktop/order_service
your processes number limit is 2784
your memory page size is 4096 bytes
detected max file descriptor number: 10240
lock engine: OSX spinlocks
thunder lock: enabled
uWSGI http bound on :8000 fd 4
uwsgi socket 0 bound to TCP address 127.0.0.1:58458 (port auto-assigned) fd 3
Python version: 3.8.2 (default, Feb 16 2022, 18:32:35)  [Clang 12.0.0 (clang-1200.0.32.28)]
PEP 405 virtualenv detected: /Users/huyushi/.pyenv/versions/api_doc
Set PythonHome to /Users/huyushi/.pyenv/versions/api_doc
Python main interpreter initialized at 0x7fbfb6205830
python threads support enabled
your server socket listen backlog is limited to 100 connections
your mercy for graceful operations on workers is 60 seconds
mapped 243264 bytes (237 KB) for 2 cores
*** Operational MODE: preforking ***
222222222
1111111
WSGI app 0 (mountpoint='') ready in 2 seconds on interpreter 0x7fbfb6205830 pid: 19231 (default app)
*** uWSGI is running in multiple interpreter mode ***
spawned uWSGI master process (pid: 19231)
spawned uWSGI worker 1 (pid: 19277, cores: 1)
spawned uWSGI worker 2 (pid: 19278, cores: 1)
spawned uWSGI http 1 (pid: 19279)
*** Starting uWSGI 2.0.20 (64bit) on [Wed Aug  3 16:54:21 2022] ***
compiled with version: Apple LLVM 12.0.0 (clang-1200.0.32.29) on 28 April 2022 15:42:41
os: Darwin-21.4.0 Darwin Kernel Version 21.4.0: Fri Mar 18 00:45:05 PDT 2022; root:xnu-8020.101.4~15/RELEASE_X86_64
nodename: yushideMacBook-Pro.local
machine: x86_64
clock source: unix
pcre jit disabled
detected number of CPU cores: 8
current working directory: /usr/local/etc/supervisor.d
writing pidfile to /Users/huyushi/Desktop/order_service/uwsgi/uwsgi.pid
detected binary path: /Users/huyushi/.pyenv/versions/3.8.2/envs/api_doc/bin/uwsgi
chdir() to /Users/huyushi/Desktop/order_service
your processes number limit is 2784
your memory page size is 4096 bytes
detected max file descriptor number: 10240
lock engine: OSX spinlocks
thunder lock: enabled
uWSGI http bound on :8000 fd 4
uwsgi socket 0 bound to TCP address 127.0.0.1:58711 (port auto-assigned) fd 3
Python version: 3.8.2 (default, Feb 16 2022, 18:32:35)  [Clang 12.0.0 (clang-1200.0.32.28)]
PEP 405 virtualenv detected: /Users/huyushi/.pyenv/versions/api_doc
Set PythonHome to /Users/huyushi/.pyenv/versions/api_doc
Python main interpreter initialized at 0x7fd7707076a0
python threads support enabled
your server socket listen backlog is limited to 100 connections
your mercy for graceful operations on workers is 60 seconds
mapped 243264 bytes (237 KB) for 2 cores
*** Operational MODE: preforking ***
222222222
1111111
WSGI app 0 (mountpoint='') ready in 1 seconds on interpreter 0x7fd7707076a0 pid: 19491 (default app)
*** uWSGI is running in multiple interpreter mode ***
spawned uWSGI master process (pid: 19491)
spawned uWSGI worker 1 (pid: 19494, cores: 1)
spawned uWSGI worker 2 (pid: 19495, cores: 1)
spawned uWSGI http 1 (pid: 19496)
*** Starting uWSGI 2.0.20 (64bit) on [Wed Aug  3 16:54:22 2022] ***
compiled with version: Apple LLVM 12.0.0 (clang-1200.0.32.29) on 28 April 2022 15:42:41
os: Darwin-21.4.0 Darwin Kernel Version 21.4.0: Fri Mar 18 00:45:05 PDT 2022; root:xnu-8020.101.4~15/RELEASE_X86_64
nodename: yushideMacBook-Pro.local
machine: x86_64
clock source: unix
pcre jit disabled
detected number of CPU cores: 8
current working directory: /usr/local/etc/supervisor.d
writing pidfile to /Users/huyushi/Desktop/order_service/uwsgi/uwsgi.pid
detected binary path: /Users/huyushi/.pyenv/versions/3.8.2/envs/api_doc/bin/uwsgi
chdir() to /Users/huyushi/Desktop/order_service
your processes number limit is 2784
your memory page size is 4096 bytes
detected max file descriptor number: 10240
lock engine: OSX spinlocks
thunder lock: enabled
probably another instance of uWSGI is running on the same address (:8000).
bind(): Address already in use [core/socket.c line 769]
*** Starting uWSGI 2.0.20 (64bit) on [Wed Aug  3 16:54:24 2022] ***
compiled with version: Apple LLVM 12.0.0 (clang-1200.0.32.29) on 28 April 2022 15:42:41
os: Darwin-21.4.0 Darwin Kernel Version 21.4.0: Fri Mar 18 00:45:05 PDT 2022; root:xnu-8020.101.4~15/RELEASE_X86_64
nodename: yushideMacBook-Pro.local
machine: x86_64
clock source: unix
pcre jit disabled
detected number of CPU cores: 8
current working directory: /usr/local/etc/supervisor.d
writing pidfile to /Users/huyushi/Desktop/order_service/uwsgi/uwsgi.pid
detected binary path: /Users/huyushi/.pyenv/versions/3.8.2/envs/api_doc/bin/uwsgi
chdir() to /Users/huyushi/Desktop/order_service
your processes number limit is 2784
your memory page size is 4096 bytes
detected max file descriptor number: 10240
lock engine: OSX spinlocks
thunder lock: enabled
probably another instance of uWSGI is running on the same address (:8000).
bind(): Address already in use [core/socket.c line 769]
*** Starting uWSGI 2.0.20 (64bit) on [Wed Aug  3 16:54:27 2022] ***
compiled with version: Apple LLVM 12.0.0 (clang-1200.0.32.29) on 28 April 2022 15:42:41
os: Darwin-21.4.0 Darwin Kernel Version 21.4.0: Fri Mar 18 00:45:05 PDT 2022; root:xnu-8020.101.4~15/RELEASE_X86_64
nodename: yushideMacBook-Pro.local
machine: x86_64
clock source: unix
pcre jit disabled
detected number of CPU cores: 8
current working directory: /usr/local/etc/supervisor.d
writing pidfile to /Users/huyushi/Desktop/order_service/uwsgi/uwsgi.pid
detected binary path: /Users/huyushi/.pyenv/versions/3.8.2/envs/api_doc/bin/uwsgi
chdir() to /Users/huyushi/Desktop/order_service
your processes number limit is 2784
your memory page size is 4096 bytes
detected max file descriptor number: 10240
lock engine: OSX spinlocks
thunder lock: enabled
probably another instance of uWSGI is running on the same address (:8000).
bind(): Address already in use [core/socket.c line 769]
*** Starting uWSGI 2.0.20 (64bit) on [Wed Aug  3 17:02:48 2022] ***
compiled with version: Apple LLVM 12.0.0 (clang-1200.0.32.29) on 28 April 2022 15:42:41
os: Darwin-21.4.0 Darwin Kernel Version 21.4.0: Fri Mar 18 00:45:05 PDT 2022; root:xnu-8020.101.4~15/RELEASE_X86_64
nodename: yushideMacBook-Pro.local
machine: x86_64
clock source: unix
pcre jit disabled
detected number of CPU cores: 8
current working directory: /usr/local/etc/supervisor.d
writing pidfile to /Users/huyushi/Desktop/order_service/uwsgi/uwsgi.pid
detected binary path: /Users/huyushi/.pyenv/versions/3.8.2/envs/api_doc/bin/uwsgi
chdir() to /Users/huyushi/Desktop/order_service
your processes number limit is 2784
your memory page size is 4096 bytes
detected max file descriptor number: 10240
lock engine: OSX spinlocks
thunder lock: enabled
uWSGI http bound on :8000 fd 4
uwsgi socket 0 bound to TCP address 127.0.0.1:59360 (port auto-assigned) fd 3
Python version: 3.8.2 (default, Feb 16 2022, 18:32:35)  [Clang 12.0.0 (clang-1200.0.32.28)]
PEP 405 virtualenv detected: /Users/huyushi/.pyenv/versions/api_doc
Set PythonHome to /Users/huyushi/.pyenv/versions/api_doc
Python main interpreter initialized at 0x7f93b5f06600
python threads support enabled
your server socket listen backlog is limited to 100 connections
your mercy for graceful operations on workers is 60 seconds
mapped 243264 bytes (237 KB) for 2 cores
*** Operational MODE: preforking ***
*** Starting uWSGI 2.0.20 (64bit) on [Wed Aug  3 17:02:49 2022] ***
compiled with version: Apple LLVM 12.0.0 (clang-1200.0.32.29) on 28 April 2022 15:42:41
os: Darwin-21.4.0 Darwin Kernel Version 21.4.0: Fri Mar 18 00:45:05 PDT 2022; root:xnu-8020.101.4~15/RELEASE_X86_64
nodename: yushideMacBook-Pro.local
machine: x86_64
clock source: unix
pcre jit disabled
detected number of CPU cores: 8
current working directory: /usr/local/etc/supervisor.d
writing pidfile to /Users/huyushi/Desktop/order_service/uwsgi/uwsgi.pid
detected binary path: /Users/huyushi/.pyenv/versions/3.8.2/envs/api_doc/bin/uwsgi
chdir() to /Users/huyushi/Desktop/order_service
your processes number limit is 2784
your memory page size is 4096 bytes
detected max file descriptor number: 10240
lock engine: OSX spinlocks
thunder lock: enabled
probably another instance of uWSGI is running on the same address (:8000).
bind(): Address already in use [core/socket.c line 769]
222222222
1111111
WSGI app 0 (mountpoint='') ready in 1 seconds on interpreter 0x7f93b5f06600 pid: 20304 (default app)
*** uWSGI is running in multiple interpreter mode ***
spawned uWSGI master process (pid: 20304)
spawned uWSGI worker 1 (pid: 20312, cores: 1)
spawned uWSGI worker 2 (pid: 20313, cores: 1)
spawned uWSGI http 1 (pid: 20314)
*** Starting uWSGI 2.0.20 (64bit) on [Wed Aug  3 17:02:51 2022] ***
compiled with version: Apple LLVM 12.0.0 (clang-1200.0.32.29) on 28 April 2022 15:42:41
os: Darwin-21.4.0 Darwin Kernel Version 21.4.0: Fri Mar 18 00:45:05 PDT 2022; root:xnu-8020.101.4~15/RELEASE_X86_64
nodename: yushideMacBook-Pro.local
machine: x86_64
clock source: unix
pcre jit disabled
detected number of CPU cores: 8
current working directory: /usr/local/etc/supervisor.d
writing pidfile to /Users/huyushi/Desktop/order_service/uwsgi/uwsgi.pid
detected binary path: /Users/huyushi/.pyenv/versions/3.8.2/envs/api_doc/bin/uwsgi
chdir() to /Users/huyushi/Desktop/order_service
your processes number limit is 2784
your memory page size is 4096 bytes
detected max file descriptor number: 10240
lock engine: OSX spinlocks
thunder lock: enabled
probably another instance of uWSGI is running on the same address (:8000).
bind(): Address already in use [core/socket.c line 769]
*** Starting uWSGI 2.0.20 (64bit) on [Wed Aug  3 17:02:54 2022] ***
compiled with version: Apple LLVM 12.0.0 (clang-1200.0.32.29) on 28 April 2022 15:42:41
os: Darwin-21.4.0 Darwin Kernel Version 21.4.0: Fri Mar 18 00:45:05 PDT 2022; root:xnu-8020.101.4~15/RELEASE_X86_64
nodename: yushideMacBook-Pro.local
machine: x86_64
clock source: unix
pcre jit disabled
detected number of CPU cores: 8
current working directory: /usr/local/etc/supervisor.d
writing pidfile to /Users/huyushi/Desktop/order_service/uwsgi/uwsgi.pid
detected binary path: /Users/huyushi/.pyenv/versions/3.8.2/envs/api_doc/bin/uwsgi
chdir() to /Users/huyushi/Desktop/order_service
your processes number limit is 2784
your memory page size is 4096 bytes
detected max file descriptor number: 10240
lock engine: OSX spinlocks
thunder lock: enabled
probably another instance of uWSGI is running on the same address (:8000).
bind(): Address already in use [core/socket.c line 769]
*** Starting uWSGI 2.0.20 (64bit) on [Wed Aug  3 17:11:22 2022] ***
compiled with version: Apple LLVM 12.0.0 (clang-1200.0.32.29) on 28 April 2022 15:42:41
os: Darwin-21.4.0 Darwin Kernel Version 21.4.0: Fri Mar 18 00:45:05 PDT 2022; root:xnu-8020.101.4~15/RELEASE_X86_64
nodename: yushideMacBook-Pro.local
machine: x86_64
clock source: unix
pcre jit disabled
detected number of CPU cores: 8
current working directory: /usr/local/etc/supervisor.d
writing pidfile to /Users/huyushi/Desktop/order_service/uwsgi/uwsgi.pid
detected binary path: /Users/huyushi/.pyenv/versions/3.8.2/envs/api_doc/bin/uwsgi
chdir() to /Users/huyushi/Desktop/order_service
your processes number limit is 2784
your memory page size is 4096 bytes
detected max file descriptor number: 10240
lock engine: OSX spinlocks
thunder lock: enabled
uWSGI http bound on :8000 fd 4
uwsgi socket 0 bound to TCP address 127.0.0.1:59794 (port auto-assigned) fd 3
Python version: 3.8.2 (default, Feb 16 2022, 18:32:35)  [Clang 12.0.0 (clang-1200.0.32.28)]
PEP 405 virtualenv detected: /Users/huyushi/.pyenv/versions/api_doc
Set PythonHome to /Users/huyushi/.pyenv/versions/api_doc
Python main interpreter initialized at 0x7fcd91b08090
python threads support enabled
your server socket listen backlog is limited to 100 connections
your mercy for graceful operations on workers is 60 seconds
mapped 243264 bytes (237 KB) for 2 cores
*** Operational MODE: preforking ***
*** Starting uWSGI 2.0.20 (64bit) on [Wed Aug  3 17:11:23 2022] ***
compiled with version: Apple LLVM 12.0.0 (clang-1200.0.32.29) on 28 April 2022 15:42:41
os: Darwin-21.4.0 Darwin Kernel Version 21.4.0: Fri Mar 18 00:45:05 PDT 2022; root:xnu-8020.101.4~15/RELEASE_X86_64
nodename: yushideMacBook-Pro.local
machine: x86_64
clock source: unix
pcre jit disabled
detected number of CPU cores: 8
current working directory: /usr/local/etc/supervisor.d
writing pidfile to /Users/huyushi/Desktop/order_service/uwsgi/uwsgi.pid
detected binary path: /Users/huyushi/.pyenv/versions/3.8.2/envs/api_doc/bin/uwsgi
chdir() to /Users/huyushi/Desktop/order_service
your processes number limit is 2784
your memory page size is 4096 bytes
detected max file descriptor number: 10240
lock engine: OSX spinlocks
thunder lock: enabled
probably another instance of uWSGI is running on the same address (:8000).
bind(): Address already in use [core/socket.c line 769]
222222222
1111111
WSGI app 0 (mountpoint='') ready in 1 seconds on interpreter 0x7fcd91b08090 pid: 21390 (default app)
*** uWSGI is running in multiple interpreter mode ***
spawned uWSGI master process (pid: 21390)
spawned uWSGI worker 1 (pid: 21395, cores: 1)
spawned uWSGI worker 2 (pid: 21396, cores: 1)
spawned uWSGI http 1 (pid: 21397)
*** Starting uWSGI 2.0.20 (64bit) on [Wed Aug  3 17:11:25 2022] ***
compiled with version: Apple LLVM 12.0.0 (clang-1200.0.32.29) on 28 April 2022 15:42:41
os: Darwin-21.4.0 Darwin Kernel Version 21.4.0: Fri Mar 18 00:45:05 PDT 2022; root:xnu-8020.101.4~15/RELEASE_X86_64
nodename: yushideMacBook-Pro.local
machine: x86_64
clock source: unix
pcre jit disabled
detected number of CPU cores: 8
current working directory: /usr/local/etc/supervisor.d
writing pidfile to /Users/huyushi/Desktop/order_service/uwsgi/uwsgi.pid
detected binary path: /Users/huyushi/.pyenv/versions/3.8.2/envs/api_doc/bin/uwsgi
chdir() to /Users/huyushi/Desktop/order_service
your processes number limit is 2784
your memory page size is 4096 bytes
detected max file descriptor number: 10240
lock engine: OSX spinlocks
thunder lock: enabled
probably another instance of uWSGI is running on the same address (:8000).
bind(): Address already in use [core/socket.c line 769]
*** Starting uWSGI 2.0.20 (64bit) on [Wed Aug  3 17:11:28 2022] ***
compiled with version: Apple LLVM 12.0.0 (clang-1200.0.32.29) on 28 April 2022 15:42:41
os: Darwin-21.4.0 Darwin Kernel Version 21.4.0: Fri Mar 18 00:45:05 PDT 2022; root:xnu-8020.101.4~15/RELEASE_X86_64
nodename: yushideMacBook-Pro.local
machine: x86_64
clock source: unix
pcre jit disabled
detected number of CPU cores: 8
current working directory: /usr/local/etc/supervisor.d
writing pidfile to /Users/huyushi/Desktop/order_service/uwsgi/uwsgi.pid
detected binary path: /Users/huyushi/.pyenv/versions/3.8.2/envs/api_doc/bin/uwsgi
chdir() to /Users/huyushi/Desktop/order_service
your processes number limit is 2784
your memory page size is 4096 bytes
detected max file descriptor number: 10240
lock engine: OSX spinlocks
thunder lock: enabled
probably another instance of uWSGI is running on the same address (:8000).
bind(): Address already in use [core/socket.c line 769]
*** Starting uWSGI 2.0.20 (64bit) on [Wed Aug  3 17:15:33 2022] ***
compiled with version: Apple LLVM 12.0.0 (clang-1200.0.32.29) on 28 April 2022 15:42:41
os: Darwin-21.4.0 Darwin Kernel Version 21.4.0: Fri Mar 18 00:45:05 PDT 2022; root:xnu-8020.101.4~15/RELEASE_X86_64
nodename: yushideMacBook-Pro.local
machine: x86_64
clock source: unix
pcre jit disabled
detected number of CPU cores: 8
current working directory: /usr/local/etc/supervisor.d
writing pidfile to /Users/huyushi/Desktop/order_service/uwsgi/uwsgi.pid
detected binary path: /Users/huyushi/.pyenv/versions/3.8.2/envs/api_doc/bin/uwsgi
chdir() to /Users/huyushi/Desktop/order_service
your processes number limit is 2784
your memory page size is 4096 bytes
detected max file descriptor number: 10240
lock engine: OSX spinlocks
thunder lock: enabled
probably another instance of uWSGI is running on the same address (:8000).
bind(): Address already in use [core/socket.c line 769]
*** Starting uWSGI 2.0.20 (64bit) on [Wed Aug  3 17:15:34 2022] ***
compiled with version: Apple LLVM 12.0.0 (clang-1200.0.32.29) on 28 April 2022 15:42:41
os: Darwin-21.4.0 Darwin Kernel Version 21.4.0: Fri Mar 18 00:45:05 PDT 2022; root:xnu-8020.101.4~15/RELEASE_X86_64
nodename: yushideMacBook-Pro.local
machine: x86_64
clock source: unix
pcre jit disabled
detected number of CPU cores: 8
current working directory: /usr/local/etc/supervisor.d
writing pidfile to /Users/huyushi/Desktop/order_service/uwsgi/uwsgi.pid
detected binary path: /Users/huyushi/.pyenv/versions/3.8.2/envs/api_doc/bin/uwsgi
chdir() to /Users/huyushi/Desktop/order_service
your processes number limit is 2784
your memory page size is 4096 bytes
detected max file descriptor number: 10240
lock engine: OSX spinlocks
thunder lock: enabled
probably another instance of uWSGI is running on the same address (:8000).
bind(): Address already in use [core/socket.c line 769]
*** Starting uWSGI 2.0.20 (64bit) on [Wed Aug  3 17:15:37 2022] ***
compiled with version: Apple LLVM 12.0.0 (clang-1200.0.32.29) on 28 April 2022 15:42:41
os: Darwin-21.4.0 Darwin Kernel Version 21.4.0: Fri Mar 18 00:45:05 PDT 2022; root:xnu-8020.101.4~15/RELEASE_X86_64
nodename: yushideMacBook-Pro.local
machine: x86_64
clock source: unix
pcre jit disabled
detected number of CPU cores: 8
current working directory: /usr/local/etc/supervisor.d
writing pidfile to /Users/huyushi/Desktop/order_service/uwsgi/uwsgi.pid
detected binary path: /Users/huyushi/.pyenv/versions/3.8.2/envs/api_doc/bin/uwsgi
chdir() to /Users/huyushi/Desktop/order_service
your processes number limit is 2784
your memory page size is 4096 bytes
detected max file descriptor number: 10240
lock engine: OSX spinlocks
thunder lock: enabled
probably another instance of uWSGI is running on the same address (:8000).
bind(): Address already in use [core/socket.c line 769]
*** Starting uWSGI 2.0.20 (64bit) on [Wed Aug  3 17:15:40 2022] ***
compiled with version: Apple LLVM 12.0.0 (clang-1200.0.32.29) on 28 April 2022 15:42:41
os: Darwin-21.4.0 Darwin Kernel Version 21.4.0: Fri Mar 18 00:45:05 PDT 2022; root:xnu-8020.101.4~15/RELEASE_X86_64
nodename: yushideMacBook-Pro.local
machine: x86_64
clock source: unix
pcre jit disabled
detected number of CPU cores: 8
current working directory: /usr/local/etc/supervisor.d
writing pidfile to /Users/huyushi/Desktop/order_service/uwsgi/uwsgi.pid
detected binary path: /Users/huyushi/.pyenv/versions/3.8.2/envs/api_doc/bin/uwsgi
chdir() to /Users/huyushi/Desktop/order_service
your processes number limit is 2784
your memory page size is 4096 bytes
detected max file descriptor number: 10240
lock engine: OSX spinlocks
thunder lock: enabled
probably another instance of uWSGI is running on the same address (:8000).
bind(): Address already in use [core/socket.c line 769]
